<?xml version="1.0" encoding="UTF-8"?>
<coverage generated="1762702285546" clover="3.2.0">
  <project timestamp="1762702285546" name="All files">
    <metrics statements="46" coveredstatements="46" conditionals="20" coveredconditionals="19" methods="20" coveredmethods="20" elements="86" coveredelements="85" complexity="0" loc="46" ncloc="46" packages="2" files="2" classes="2"/>
    <package name="components">
      <metrics statements="31" coveredstatements="31" conditionals="14" coveredconditionals="13" methods="12" coveredmethods="12"/>
      <file name="ShoppingCart.tsx" path="C:\Users\vande\OneDrive\Documents\Fall 2025 Semester\CPSC 6175 Web Engineering and Technologies\Testing with Vitest\Vanderson_react_testing\shopping-cart-app\src\components\ShoppingCart.tsx">
        <metrics statements="31" coveredstatements="31" conditionals="14" coveredconditionals="13" methods="12" coveredmethods="12"/>
        <line num="12" count="626" type="stmt"/>
        <line num="13" count="626" type="stmt"/>
        <line num="14" count="626" type="stmt"/>
        <line num="16" count="626" type="stmt"/>
        <line num="17" count="49" type="cond" truecount="4" falsecount="0"/>
        <line num="18" count="3" type="stmt"/>
        <line num="21" count="46" type="stmt"/>
        <line num="22" count="46" type="cond" truecount="4" falsecount="0"/>
        <line num="23" count="2" type="stmt"/>
        <line num="26" count="44" type="stmt"/>
        <line num="33" count="44" type="stmt"/>
        <line num="34" count="44" type="stmt"/>
        <line num="35" count="44" type="stmt"/>
        <line num="38" count="626" type="stmt"/>
        <line num="39" count="6" type="stmt"/>
        <line num="42" count="626" type="stmt"/>
        <line num="43" count="11" type="cond" truecount="1" falsecount="1"/>
        <line num="44" count="11" type="stmt"/>
        <line num="46" count="13" type="cond" truecount="2" falsecount="0"/>
        <line num="51" count="626" type="stmt"/>
        <line num="52" count="1" type="stmt"/>
        <line num="55" count="626" type="stmt"/>
        <line num="56" count="626" type="stmt"/>
        <line num="57" count="626" type="stmt"/>
        <line num="58" count="626" type="stmt"/>
        <line num="60" count="626" type="stmt"/>
        <line num="68" count="409" type="stmt"/>
        <line num="75" count="116" type="stmt"/>
        <line num="88" count="274" type="stmt"/>
        <line num="94" count="11" type="stmt"/>
        <line num="99" count="3" type="stmt"/>
      </file>
    </package>
    <package name="utils">
      <metrics statements="15" coveredstatements="15" conditionals="6" coveredconditionals="6" methods="8" coveredmethods="8"/>
      <file name="cartUtils.ts" path="C:\Users\vande\OneDrive\Documents\Fall 2025 Semester\CPSC 6175 Web Engineering and Technologies\Testing with Vitest\Vanderson_react_testing\shopping-cart-app\src\utils\cartUtils.ts">
        <metrics statements="15" coveredstatements="15" conditionals="6" coveredconditionals="6" methods="8" coveredmethods="8"/>
        <line num="12" count="570" type="stmt"/>
        <line num="19" count="1264" type="stmt"/>
        <line num="29" count="1276" type="cond" truecount="2" falsecount="0"/>
        <line num="30" count="43" type="stmt"/>
        <line num="31" count="1233" type="cond" truecount="2" falsecount="0"/>
        <line num="32" count="62" type="stmt"/>
        <line num="34" count="1171" type="stmt"/>
        <line num="41" count="1269" type="stmt"/>
        <line num="48" count="633" type="stmt"/>
        <line num="49" count="633" type="stmt"/>
        <line num="50" count="633" type="stmt"/>
        <line num="51" count="633" type="stmt"/>
        <line num="52" count="633" type="stmt"/>
        <line num="59" count="989" type="stmt"/>
        <line num="66" count="16" type="cond" truecount="2" falsecount="0"/>
      </file>
    </package>
  </project>
</coverage>
