{"C:\\Users\\vande\\OneDrive\\Documents\\Fall 2025 Semester\\CPSC 6175 Web Engineering and Technologies\\Testing with Vitest\\Vanderson_react_testing\\shopping-cart-app\\src\\components\\ShoppingCart.tsx": {"path":"C:\\Users\\vande\\OneDrive\\Documents\\Fall 2025 Semester\\CPSC 6175 Web Engineering and Technologies\\Testing with Vitest\\Vanderson_react_testing\\shopping-cart-app\\src\\components\\ShoppingCart.tsx","statementMap":{"0":{"start":{"line":12,"column":24},"end":{"line":12,"column":null}},"1":{"start":{"line":13,"column":36},"end":{"line":13,"column":null}},"2":{"start":{"line":14,"column":38},"end":{"line":14,"column":null}},"3":{"start":{"line":16,"column":18},"end":{"line":36,"column":null}},"4":{"start":{"line":17,"column":4},"end":{"line":19,"column":null}},"5":{"start":{"line":18,"column":6},"end":{"line":18,"column":null}},"6":{"start":{"line":21,"column":18},"end":{"line":21,"column":null}},"7":{"start":{"line":22,"column":4},"end":{"line":24,"column":null}},"8":{"start":{"line":23,"column":6},"end":{"line":23,"column":null}},"9":{"start":{"line":26,"column":30},"end":{"line":31,"column":null}},"10":{"start":{"line":33,"column":4},"end":{"line":33,"column":null}},"11":{"start":{"line":34,"column":4},"end":{"line":34,"column":null}},"12":{"start":{"line":35,"column":4},"end":{"line":35,"column":null}},"13":{"start":{"line":38,"column":21},"end":{"line":40,"column":null}},"14":{"start":{"line":39,"column":4},"end":{"line":39,"column":null}},"15":{"start":{"line":39,"column":34},"end":{"line":39,"column":48}},"16":{"start":{"line":42,"column":25},"end":{"line":49,"column":null}},"17":{"start":{"line":43,"column":4},"end":{"line":43,"column":null}},"18":{"start":{"line":43,"column":22},"end":{"line":43,"column":null}},"19":{"start":{"line":44,"column":4},"end":{"line":48,"column":null}},"20":{"start":{"line":46,"column":8},"end":{"line":46,"column":null}},"21":{"start":{"line":51,"column":20},"end":{"line":53,"column":null}},"22":{"start":{"line":52,"column":4},"end":{"line":52,"column":null}},"23":{"start":{"line":55,"column":8},"end":{"line":55,"column":null}},"24":{"start":{"line":56,"column":8},"end":{"line":56,"column":null}},"25":{"start":{"line":57,"column":8},"end":{"line":57,"column":null}},"26":{"start":{"line":58,"column":8},"end":{"line":58,"column":null}},"27":{"start":{"line":60,"column":2},"end":{"line":118,"column":null}},"28":{"start":{"line":68,"column":27},"end":{"line":68,"column":null}},"29":{"start":{"line":75,"column":27},"end":{"line":75,"column":null}},"30":{"start":{"line":88,"column":14},"end":{"line":100,"column":null}},"31":{"start":{"line":94,"column":35},"end":{"line":94,"column":null}},"32":{"start":{"line":99,"column":39},"end":{"line":99,"column":60}}},"fnMap":{"0":{"name":"ShoppingCart","decl":{"start":{"line":11,"column":16},"end":{"line":11,"column":31}},"loc":{"start":{"line":11,"column":31},"end":{"line":120,"column":null}},"line":11},"1":{"name":"(anonymous_1)","decl":{"start":{"line":16,"column":18},"end":{"line":16,"column":24}},"loc":{"start":{"line":16,"column":24},"end":{"line":36,"column":null}},"line":16},"2":{"name":"(anonymous_2)","decl":{"start":{"line":38,"column":21},"end":{"line":38,"column":22}},"loc":{"start":{"line":38,"column":37},"end":{"line":40,"column":null}},"line":38},"3":{"name":"(anonymous_3)","decl":{"start":{"line":39,"column":26},"end":{"line":39,"column":34}},"loc":{"start":{"line":39,"column":34},"end":{"line":39,"column":48}},"line":39},"4":{"name":"(anonymous_4)","decl":{"start":{"line":42,"column":25},"end":{"line":42,"column":26}},"loc":{"start":{"line":42,"column":59},"end":{"line":49,"column":null}},"line":42},"5":{"name":"(anonymous_5)","decl":{"start":{"line":45,"column":16},"end":{"line":45,"column":null}},"loc":{"start":{"line":46,"column":8},"end":{"line":46,"column":null}},"line":46},"6":{"name":"(anonymous_6)","decl":{"start":{"line":51,"column":20},"end":{"line":51,"column":26}},"loc":{"start":{"line":51,"column":26},"end":{"line":53,"column":null}},"line":51},"7":{"name":"(anonymous_7)","decl":{"start":{"line":68,"column":20},"end":{"line":68,"column":21}},"loc":{"start":{"line":68,"column":27},"end":{"line":68,"column":null}},"line":68},"8":{"name":"(anonymous_8)","decl":{"start":{"line":75,"column":20},"end":{"line":75,"column":21}},"loc":{"start":{"line":75,"column":27},"end":{"line":75,"column":null}},"line":75},"9":{"name":"(anonymous_9)","decl":{"start":{"line":87,"column":23},"end":{"line":87,"column":24}},"loc":{"start":{"line":88,"column":14},"end":{"line":100,"column":null}},"line":88},"10":{"name":"(anonymous_10)","decl":{"start":{"line":94,"column":28},"end":{"line":94,"column":29}},"loc":{"start":{"line":94,"column":35},"end":{"line":94,"column":null}},"line":94},"11":{"name":"(anonymous_11)","decl":{"start":{"line":99,"column":33},"end":{"line":99,"column":39}},"loc":{"start":{"line":99,"column":39},"end":{"line":99,"column":60}},"line":99}},"branchMap":{"0":{"loc":{"start":{"line":17,"column":4},"end":{"line":19,"column":null}},"type":"if","locations":[{"start":{"line":17,"column":4},"end":{"line":19,"column":null}},{"start":{},"end":{}}],"line":17},"1":{"loc":{"start":{"line":17,"column":8},"end":{"line":17,"column":46}},"type":"binary-expr","locations":[{"start":{"line":17,"column":8},"end":{"line":17,"column":31}},{"start":{"line":17,"column":31},"end":{"line":17,"column":46}}],"line":17},"2":{"loc":{"start":{"line":22,"column":4},"end":{"line":24,"column":null}},"type":"if","locations":[{"start":{"line":22,"column":4},"end":{"line":24,"column":null}},{"start":{},"end":{}}],"line":22},"3":{"loc":{"start":{"line":22,"column":8},"end":{"line":22,"column":36}},"type":"binary-expr","locations":[{"start":{"line":22,"column":8},"end":{"line":22,"column":24}},{"start":{"line":22,"column":24},"end":{"line":22,"column":36}}],"line":22},"4":{"loc":{"start":{"line":43,"column":4},"end":{"line":43,"column":null}},"type":"if","locations":[{"start":{"line":43,"column":4},"end":{"line":43,"column":null}},{"start":{},"end":{}}],"line":43},"5":{"loc":{"start":{"line":46,"column":8},"end":{"line":46,"column":null}},"type":"cond-expr","locations":[{"start":{"line":46,"column":25},"end":{"line":46,"column":49}},{"start":{"line":46,"column":49},"end":{"line":46,"column":null}}],"line":46},"6":{"loc":{"start":{"line":82,"column":7},"end":{"line":116,"column":null}},"type":"cond-expr","locations":[{"start":{"line":83,"column":8},"end":{"line":83,"column":null}},{"start":{"line":85,"column":8},"end":{"line":116,"column":null}}],"line":82}},"s":{"0":626,"1":626,"2":626,"3":626,"4":49,"5":3,"6":46,"7":46,"8":2,"9":44,"10":44,"11":44,"12":44,"13":626,"14":3,"15":6,"16":626,"17":11,"18":0,"19":11,"20":13,"21":626,"22":1,"23":626,"24":626,"25":626,"26":626,"27":626,"28":409,"29":116,"30":274,"31":11,"32":3},"f":{"0":626,"1":49,"2":3,"3":6,"4":11,"5":13,"6":1,"7":409,"8":116,"9":274,"10":11,"11":3},"b":{"0":[3,46],"1":[49,47],"2":[2,44],"3":[46,46],"4":[0,11],"5":[11,2],"6":[451,175]},"meta":{"lastBranch":7,"lastFunction":12,"lastStatement":33,"seen":{"f:11:16:11:31":0,"s:12:24:12:Infinity":0,"s:13:36:13:Infinity":1,"s:14:38:14:Infinity":2,"s:16:18:36:Infinity":3,"f:16:18:16:24":1,"b:17:4:19:Infinity:undefined:undefined:undefined:undefined":0,"s:17:4:19:Infinity":4,"b:17:8:17:31:17:31:17:46":1,"s:18:6:18:Infinity":5,"s:21:18:21:Infinity":6,"b:22:4:24:Infinity:undefined:undefined:undefined:undefined":2,"s:22:4:24:Infinity":7,"b:22:8:22:24:22:24:22:36":3,"s:23:6:23:Infinity":8,"s:26:30:31:Infinity":9,"s:33:4:33:Infinity":10,"s:34:4:34:Infinity":11,"s:35:4:35:Infinity":12,"s:38:21:40:Infinity":13,"f:38:21:38:22":2,"s:39:4:39:Infinity":14,"f:39:26:39:34":3,"s:39:34:39:48":15,"s:42:25:49:Infinity":16,"f:42:25:42:26":4,"b:43:4:43:Infinity:undefined:undefined:undefined:undefined":4,"s:43:4:43:Infinity":17,"s:43:22:43:Infinity":18,"s:44:4:48:Infinity":19,"f:45:16:45:Infinity":5,"s:46:8:46:Infinity":20,"b:46:25:46:49:46:49:46:Infinity":5,"s:51:20:53:Infinity":21,"f:51:20:51:26":6,"s:52:4:52:Infinity":22,"s:55:8:55:Infinity":23,"s:56:8:56:Infinity":24,"s:57:8:57:Infinity":25,"s:58:8:58:Infinity":26,"s:60:2:118:Infinity":27,"f:68:20:68:21":7,"s:68:27:68:Infinity":28,"f:75:20:75:21":8,"s:75:27:75:Infinity":29,"b:83:8:83:Infinity:85:8:116:Infinity":6,"f:87:23:87:24":9,"s:88:14:100:Infinity":30,"f:94:28:94:29":10,"s:94:35:94:Infinity":31,"f:99:33:99:39":11,"s:99:39:99:60":32}}}
,"C:\\Users\\vande\\OneDrive\\Documents\\Fall 2025 Semester\\CPSC 6175 Web Engineering and Technologies\\Testing with Vitest\\Vanderson_react_testing\\shopping-cart-app\\src\\utils\\cartUtils.ts": {"path":"C:\\Users\\vande\\OneDrive\\Documents\\Fall 2025 Semester\\CPSC 6175 Web Engineering and Technologies\\Testing with Vitest\\Vanderson_react_testing\\shopping-cart-app\\src\\utils\\cartUtils.ts","statementMap":{"0":{"start":{"line":12,"column":2},"end":{"line":12,"column":null}},"1":{"start":{"line":19,"column":2},"end":{"line":19,"column":null}},"2":{"start":{"line":19,"column":37},"end":{"line":19,"column":69}},"3":{"start":{"line":29,"column":2},"end":{"line":33,"column":null}},"4":{"start":{"line":30,"column":4},"end":{"line":30,"column":null}},"5":{"start":{"line":31,"column":2},"end":{"line":33,"column":null}},"6":{"start":{"line":32,"column":4},"end":{"line":32,"column":null}},"7":{"start":{"line":34,"column":2},"end":{"line":34,"column":null}},"8":{"start":{"line":41,"column":2},"end":{"line":41,"column":null}},"9":{"start":{"line":48,"column":19},"end":{"line":48,"column":null}},"10":{"start":{"line":49,"column":19},"end":{"line":49,"column":null}},"11":{"start":{"line":50,"column":24},"end":{"line":50,"column":null}},"12":{"start":{"line":51,"column":14},"end":{"line":51,"column":null}},"13":{"start":{"line":52,"column":2},"end":{"line":52,"column":null}},"14":{"start":{"line":59,"column":2},"end":{"line":59,"column":null}},"15":{"start":{"line":66,"column":2},"end":{"line":66,"column":null}}},"fnMap":{"0":{"name":"calculateItemTotal","decl":{"start":{"line":11,"column":16},"end":{"line":11,"column":35}},"loc":{"start":{"line":11,"column":59},"end":{"line":13,"column":null}},"line":11},"1":{"name":"calculateSubtotal","decl":{"start":{"line":18,"column":16},"end":{"line":18,"column":34}},"loc":{"start":{"line":18,"column":61},"end":{"line":20,"column":null}},"line":18},"2":{"name":"(anonymous_2)","decl":{"start":{"line":19,"column":22},"end":{"line":19,"column":23}},"loc":{"start":{"line":19,"column":37},"end":{"line":19,"column":69}},"line":19},"3":{"name":"calculateDiscount","decl":{"start":{"line":28,"column":16},"end":{"line":28,"column":34}},"loc":{"start":{"line":28,"column":60},"end":{"line":35,"column":null}},"line":28},"4":{"name":"calculateTax","decl":{"start":{"line":40,"column":16},"end":{"line":40,"column":29}},"loc":{"start":{"line":40,"column":53},"end":{"line":42,"column":null}},"line":40},"5":{"name":"calculateTotal","decl":{"start":{"line":47,"column":16},"end":{"line":47,"column":31}},"loc":{"start":{"line":47,"column":58},"end":{"line":53,"column":null}},"line":47},"6":{"name":"formatCurrency","decl":{"start":{"line":58,"column":16},"end":{"line":58,"column":31}},"loc":{"start":{"line":58,"column":55},"end":{"line":60,"column":null}},"line":58},"7":{"name":"isValidQuantity","decl":{"start":{"line":65,"column":16},"end":{"line":65,"column":32}},"loc":{"start":{"line":65,"column":59},"end":{"line":67,"column":null}},"line":65}},"branchMap":{"0":{"loc":{"start":{"line":29,"column":2},"end":{"line":33,"column":null}},"type":"if","locations":[{"start":{"line":29,"column":2},"end":{"line":33,"column":null}},{"start":{"line":31,"column":2},"end":{"line":33,"column":null}}],"line":29},"1":{"loc":{"start":{"line":31,"column":2},"end":{"line":33,"column":null}},"type":"if","locations":[{"start":{"line":31,"column":2},"end":{"line":33,"column":null}},{"start":{},"end":{}}],"line":31},"2":{"loc":{"start":{"line":66,"column":9},"end":{"line":66,"column":null}},"type":"binary-expr","locations":[{"start":{"line":66,"column":9},"end":{"line":66,"column":39}},{"start":{"line":66,"column":39},"end":{"line":66,"column":null}}],"line":66}},"s":{"0":570,"1":1264,"2":565,"3":1276,"4":43,"5":1233,"6":62,"7":1171,"8":1269,"9":633,"10":633,"11":633,"12":633,"13":633,"14":989,"15":16},"f":{"0":570,"1":1264,"2":565,"3":1276,"4":1269,"5":633,"6":989,"7":16},"b":{"0":[43,1233],"1":[62,1171],"2":[16,9]},"meta":{"lastBranch":3,"lastFunction":8,"lastStatement":16,"seen":{"f:11:16:11:35":0,"s:12:2:12:Infinity":0,"f:18:16:18:34":1,"s:19:2:19:Infinity":1,"f:19:22:19:23":2,"s:19:37:19:69":2,"f:28:16:28:34":3,"b:29:2:33:Infinity:31:2:33:Infinity":0,"s:29:2:33:Infinity":3,"s:30:4:30:Infinity":4,"b:31:2:33:Infinity:undefined:undefined:undefined:undefined":1,"s:31:2:33:Infinity":5,"s:32:4:32:Infinity":6,"s:34:2:34:Infinity":7,"f:40:16:40:29":4,"s:41:2:41:Infinity":8,"f:47:16:47:31":5,"s:48:19:48:Infinity":9,"s:49:19:49:Infinity":10,"s:50:24:50:Infinity":11,"s:51:14:51:Infinity":12,"s:52:2:52:Infinity":13,"f:58:16:58:31":6,"s:59:2:59:Infinity":14,"f:65:16:65:32":7,"s:66:2:66:Infinity":15,"b:66:9:66:39:66:39:66:Infinity":2}}}
}
